{"/home/stephen/finalyearpro/wmms/wmms-frontend/src/components/ui/button.tsx": {"path":"/home/stephen/finalyearpro/wmms/wmms-frontend/src/components/ui/button.tsx","statementMap":{"0":{"start":{"line":7,"column":6},"end":{"line":37,"column":null}},"1":{"start":{"line":39,"column":15},"end":{"line":56,"column":null}},"2":{"start":{"line":46,"column":15},"end":{"line":46,"column":null}},"3":{"start":{"line":48,"column":2},"end":{"line":54,"column":null}},"4":{"start":{"line":58,"column":0},"end":{"line":58,"column":null}}},"fnMap":{"0":{"name":"(anonymous_0)","decl":{"start":{"line":45,"column":2},"end":{"line":45,"column":3}},"loc":{"start":{"line":45,"column":68},"end":{"line":56,"column":1}},"line":45}},"branchMap":{"0":{"loc":{"start":{"line":45,"column":31},"end":{"line":45,"column":48}},"type":"default-arg","locations":[{"start":{"line":45,"column":41},"end":{"line":45,"column":48}}],"line":45},"1":{"loc":{"start":{"line":46,"column":15},"end":{"line":46,"column":null}},"type":"cond-expr","locations":[{"start":{"line":46,"column":25},"end":{"line":46,"column":32}},{"start":{"line":46,"column":32},"end":{"line":46,"column":null}}],"line":46}},"s":{"0":1,"1":1,"2":14,"3":14,"4":1},"f":{"0":14},"b":{"0":[14],"1":[0,14]},"meta":{"lastBranch":2,"lastFunction":1,"lastStatement":5,"seen":{"s:7:6:37:Infinity":0,"s:39:15:56:Infinity":1,"f:45:2:45:3":0,"b:45:41:45:48":0,"s:46:15:46:Infinity":2,"b:46:25:46:32:46:32:46:Infinity":1,"s:48:2:54:Infinity":3,"s:58:0:58:Infinity":4}}}
,"/home/stephen/finalyearpro/wmms/wmms-frontend/src/components/ui/card.tsx": {"path":"/home/stephen/finalyearpro/wmms/wmms-frontend/src/components/ui/card.tsx","statementMap":{"0":{"start":{"line":6,"column":2},"end":{"line":14,"column":null}},"1":{"start":{"line":19,"column":2},"end":{"line":27,"column":null}},"2":{"start":{"line":32,"column":2},"end":{"line":37,"column":null}},"3":{"start":{"line":42,"column":2},"end":{"line":47,"column":null}},"4":{"start":{"line":52,"column":2},"end":{"line":60,"column":null}},"5":{"start":{"line":65,"column":2},"end":{"line":70,"column":null}},"6":{"start":{"line":75,"column":2},"end":{"line":80,"column":null}}},"fnMap":{"0":{"name":"Card","decl":{"start":{"line":5,"column":9},"end":{"line":5,"column":14}},"loc":{"start":{"line":5,"column":68},"end":{"line":16,"column":null}},"line":5},"1":{"name":"CardHeader","decl":{"start":{"line":18,"column":9},"end":{"line":18,"column":20}},"loc":{"start":{"line":18,"column":74},"end":{"line":29,"column":null}},"line":18},"2":{"name":"CardTitle","decl":{"start":{"line":31,"column":9},"end":{"line":31,"column":19}},"loc":{"start":{"line":31,"column":73},"end":{"line":39,"column":null}},"line":31},"3":{"name":"CardDescription","decl":{"start":{"line":41,"column":9},"end":{"line":41,"column":25}},"loc":{"start":{"line":41,"column":79},"end":{"line":49,"column":null}},"line":41},"4":{"name":"CardAction","decl":{"start":{"line":51,"column":9},"end":{"line":51,"column":20}},"loc":{"start":{"line":51,"column":74},"end":{"line":62,"column":null}},"line":51},"5":{"name":"CardContent","decl":{"start":{"line":64,"column":9},"end":{"line":64,"column":21}},"loc":{"start":{"line":64,"column":75},"end":{"line":72,"column":null}},"line":64},"6":{"name":"CardFooter","decl":{"start":{"line":74,"column":9},"end":{"line":74,"column":20}},"loc":{"start":{"line":74,"column":74},"end":{"line":82,"column":null}},"line":74}},"branchMap":{},"s":{"0":14,"1":14,"2":14,"3":14,"4":0,"5":14,"6":0},"f":{"0":14,"1":14,"2":14,"3":14,"4":0,"5":14,"6":0},"b":{},"meta":{"lastBranch":0,"lastFunction":7,"lastStatement":7,"seen":{"f:5:9:5:14":0,"s:6:2:14:Infinity":0,"f:18:9:18:20":1,"s:19:2:27:Infinity":1,"f:31:9:31:19":2,"s:32:2:37:Infinity":2,"f:41:9:41:25":3,"s:42:2:47:Infinity":3,"f:51:9:51:20":4,"s:52:2:60:Infinity":4,"f:64:9:64:21":5,"s:65:2:70:Infinity":5,"f:74:9:74:20":6,"s:75:2:80:Infinity":6}}}
,"/home/stephen/finalyearpro/wmms/wmms-frontend/src/components/ui/input.tsx": {"path":"/home/stephen/finalyearpro/wmms/wmms-frontend/src/components/ui/input.tsx","statementMap":{"0":{"start":{"line":6,"column":2},"end":{"line":17,"column":null}}},"fnMap":{"0":{"name":"Input","decl":{"start":{"line":5,"column":9},"end":{"line":5,"column":15}},"loc":{"start":{"line":5,"column":77},"end":{"line":19,"column":null}},"line":5}},"branchMap":{},"s":{"0":28},"f":{"0":28},"b":{},"meta":{"lastBranch":0,"lastFunction":1,"lastStatement":1,"seen":{"f:5:9:5:15":0,"s:6:2:17:Infinity":0}}}
,"/home/stephen/finalyearpro/wmms/wmms-frontend/src/components/ui/label.tsx": {"path":"/home/stephen/finalyearpro/wmms/wmms-frontend/src/components/ui/label.tsx","statementMap":{"0":{"start":{"line":6,"column":0},"end":{"line":6,"column":null}},"1":{"start":{"line":12,"column":2},"end":{"line":20,"column":null}}},"fnMap":{"0":{"name":"Label","decl":{"start":{"line":8,"column":9},"end":{"line":8,"column":15}},"loc":{"start":{"line":11,"column":53},"end":{"line":22,"column":null}},"line":11}},"branchMap":{},"s":{"0":1,"1":28},"f":{"0":28},"b":{},"meta":{"lastBranch":0,"lastFunction":1,"lastStatement":2,"seen":{"s:6:0:6:Infinity":0,"f:8:9:8:15":0,"s:12:2:20:Infinity":1}}}
,"/home/stephen/finalyearpro/wmms/wmms-frontend/src/features/auth/components/login-form.tsx": {"path":"/home/stephen/finalyearpro/wmms/wmms-frontend/src/features/auth/components/login-form.tsx","statementMap":{"0":{"start":{"line":11,"column":29},"end":{"line":11,"column":null}},"1":{"start":{"line":12,"column":8},"end":{"line":12,"column":null}},"2":{"start":{"line":13,"column":40},"end":{"line":13,"column":null}},"3":{"start":{"line":14,"column":30},"end":{"line":14,"column":null}},"4":{"start":{"line":15,"column":24},"end":{"line":15,"column":null}},"5":{"start":{"line":17,"column":23},"end":{"line":42,"column":null}},"6":{"start":{"line":18,"column":4},"end":{"line":18,"column":null}},"7":{"start":{"line":19,"column":4},"end":{"line":19,"column":null}},"8":{"start":{"line":21,"column":4},"end":{"line":24,"column":null}},"9":{"start":{"line":22,"column":6},"end":{"line":22,"column":null}},"10":{"start":{"line":23,"column":6},"end":{"line":23,"column":null}},"11":{"start":{"line":26,"column":4},"end":{"line":41,"column":null}},"12":{"start":{"line":27,"column":21},"end":{"line":27,"column":null}},"13":{"start":{"line":29,"column":6},"end":{"line":37,"column":null}},"14":{"start":{"line":32,"column":8},"end":{"line":32,"column":null}},"15":{"start":{"line":35,"column":25},"end":{"line":35,"column":null}},"16":{"start":{"line":36,"column":8},"end":{"line":36,"column":null}},"17":{"start":{"line":40,"column":6},"end":{"line":40,"column":null}},"18":{"start":{"line":44,"column":2},"end":{"line":129,"column":null}},"19":{"start":{"line":67,"column":33},"end":{"line":67,"column":null}},"20":{"start":{"line":84,"column":33},"end":{"line":84,"column":null}}},"fnMap":{"0":{"name":"LoginForm","decl":{"start":{"line":10,"column":16},"end":{"line":10,"column":28}},"loc":{"start":{"line":10,"column":28},"end":{"line":131,"column":null}},"line":10},"1":{"name":"(anonymous_1)","decl":{"start":{"line":17,"column":23},"end":{"line":17,"column":30}},"loc":{"start":{"line":17,"column":53},"end":{"line":42,"column":null}},"line":17},"2":{"name":"(anonymous_2)","decl":{"start":{"line":67,"column":26},"end":{"line":67,"column":27}},"loc":{"start":{"line":67,"column":33},"end":{"line":67,"column":null}},"line":67},"3":{"name":"(anonymous_3)","decl":{"start":{"line":84,"column":26},"end":{"line":84,"column":27}},"loc":{"start":{"line":84,"column":33},"end":{"line":84,"column":null}},"line":84}},"branchMap":{"0":{"loc":{"start":{"line":21,"column":4},"end":{"line":24,"column":null}},"type":"if","locations":[{"start":{"line":21,"column":4},"end":{"line":24,"column":null}},{"start":{},"end":{}}],"line":21},"1":{"loc":{"start":{"line":21,"column":8},"end":{"line":21,"column":37}},"type":"binary-expr","locations":[{"start":{"line":21,"column":8},"end":{"line":21,"column":26}},{"start":{"line":21,"column":26},"end":{"line":21,"column":37}}],"line":21},"2":{"loc":{"start":{"line":29,"column":6},"end":{"line":37,"column":null}},"type":"if","locations":[{"start":{"line":29,"column":6},"end":{"line":37,"column":null}},{"start":{"line":33,"column":13},"end":{"line":37,"column":null}}],"line":29},"3":{"loc":{"start":{"line":35,"column":25},"end":{"line":35,"column":null}},"type":"binary-expr","locations":[{"start":{"line":35,"column":25},"end":{"line":35,"column":41}},{"start":{"line":35,"column":41},"end":{"line":35,"column":null}}],"line":35},"4":{"loc":{"start":{"line":89,"column":13},"end":{"line":94,"column":null}},"type":"binary-expr","locations":[{"start":{"line":89,"column":13},"end":{"line":89,"column":null}},{"start":{"line":90,"column":14},"end":{"line":94,"column":null}}],"line":89},"5":{"loc":{"start":{"line":101,"column":15},"end":{"line":107,"column":null}},"type":"cond-expr","locations":[{"start":{"line":102,"column":16},"end":{"line":105,"column":null}},{"start":{"line":107,"column":16},"end":{"line":107,"column":null}}],"line":101}},"s":{"0":17,"1":17,"2":17,"3":17,"4":17,"5":17,"6":4,"7":4,"8":4,"9":1,"10":1,"11":3,"12":3,"13":2,"14":1,"15":1,"16":1,"17":1,"18":17,"19":3,"20":3},"f":{"0":17,"1":4,"2":3,"3":3},"b":{"0":[1,3],"1":[4,3],"2":[1,1],"3":[1,0],"4":[17,3],"5":[0,17]},"meta":{"lastBranch":6,"lastFunction":4,"lastStatement":21,"seen":{"f:10:16:10:28":0,"s:11:29:11:Infinity":0,"s:12:8:12:Infinity":1,"s:13:40:13:Infinity":2,"s:14:30:14:Infinity":3,"s:15:24:15:Infinity":4,"s:17:23:42:Infinity":5,"f:17:23:17:30":1,"s:18:4:18:Infinity":6,"s:19:4:19:Infinity":7,"b:21:4:24:Infinity:undefined:undefined:undefined:undefined":0,"s:21:4:24:Infinity":8,"b:21:8:21:26:21:26:21:37":1,"s:22:6:22:Infinity":9,"s:23:6:23:Infinity":10,"s:26:4:41:Infinity":11,"s:27:21:27:Infinity":12,"b:29:6:37:Infinity:33:13:37:Infinity":2,"s:29:6:37:Infinity":13,"s:32:8:32:Infinity":14,"s:35:25:35:Infinity":15,"b:35:25:35:41:35:41:35:Infinity":3,"s:36:8:36:Infinity":16,"s:40:6:40:Infinity":17,"s:44:2:129:Infinity":18,"f:67:26:67:27":2,"s:67:33:67:Infinity":19,"f:84:26:84:27":3,"s:84:33:84:Infinity":20,"b:89:13:89:Infinity:90:14:94:Infinity":4,"b:102:16:105:Infinity:107:16:107:Infinity":5}}}
,"/home/stephen/finalyearpro/wmms/wmms-frontend/src/features/tickets/api/ticket.ts": {"path":"/home/stephen/finalyearpro/wmms/wmms-frontend/src/features/tickets/api/ticket.ts","statementMap":{"0":{"start":{"line":18,"column":24},"end":{"line":48,"column":null}},"1":{"start":{"line":20,"column":4},"end":{"line":22,"column":null}},"2":{"start":{"line":24,"column":4},"end":{"line":26,"column":null}},"3":{"start":{"line":28,"column":4},"end":{"line":30,"column":null}},"4":{"start":{"line":32,"column":2},"end":{"line":47,"column":null}},"5":{"start":{"line":50,"column":21},"end":{"line":53,"column":null}},"6":{"start":{"line":51,"column":14},"end":{"line":51,"column":null}},"7":{"start":{"line":52,"column":2},"end":{"line":52,"column":null}},"8":{"start":{"line":58,"column":29},"end":{"line":67,"column":null}},"9":{"start":{"line":61,"column":19},"end":{"line":64,"column":null}},"10":{"start":{"line":65,"column":15},"end":{"line":65,"column":null}},"11":{"start":{"line":66,"column":2},"end":{"line":66,"column":null}},"12":{"start":{"line":72,"column":29},"end":{"line":78,"column":null}},"13":{"start":{"line":73,"column":19},"end":{"line":76,"column":null}},"14":{"start":{"line":77,"column":2},"end":{"line":77,"column":null}},"15":{"start":{"line":84,"column":28},"end":{"line":92,"column":null}},"16":{"start":{"line":87,"column":19},"end":{"line":90,"column":null}},"17":{"start":{"line":91,"column":2},"end":{"line":91,"column":null}},"18":{"start":{"line":97,"column":28},"end":{"line":106,"column":null}},"19":{"start":{"line":101,"column":19},"end":{"line":104,"column":null}},"20":{"start":{"line":105,"column":2},"end":{"line":105,"column":null}},"21":{"start":{"line":111,"column":28},"end":{"line":113,"column":null}},"22":{"start":{"line":112,"column":2},"end":{"line":112,"column":null}},"23":{"start":{"line":119,"column":28},"end":{"line":128,"column":null}},"24":{"start":{"line":123,"column":19},"end":{"line":126,"column":null}},"25":{"start":{"line":127,"column":2},"end":{"line":127,"column":null}},"26":{"start":{"line":133,"column":29},"end":{"line":139,"column":null}},"27":{"start":{"line":134,"column":19},"end":{"line":137,"column":null}},"28":{"start":{"line":138,"column":2},"end":{"line":138,"column":null}},"29":{"start":{"line":145,"column":39},"end":{"line":151,"column":null}},"30":{"start":{"line":146,"column":19},"end":{"line":149,"column":null}},"31":{"start":{"line":150,"column":2},"end":{"line":150,"column":null}},"32":{"start":{"line":157,"column":37},"end":{"line":163,"column":null}},"33":{"start":{"line":158,"column":19},"end":{"line":161,"column":null}},"34":{"start":{"line":162,"column":2},"end":{"line":162,"column":null}},"35":{"start":{"line":170,"column":34},"end":{"line":179,"column":null}},"36":{"start":{"line":173,"column":19},"end":{"line":177,"column":null}},"37":{"start":{"line":178,"column":2},"end":{"line":178,"column":null}},"38":{"start":{"line":185,"column":36},"end":{"line":192,"column":null}},"39":{"start":{"line":186,"column":19},"end":{"line":190,"column":null}},"40":{"start":{"line":191,"column":2},"end":{"line":191,"column":null}},"41":{"start":{"line":198,"column":38},"end":{"line":207,"column":null}},"42":{"start":{"line":201,"column":19},"end":{"line":205,"column":null}},"43":{"start":{"line":206,"column":2},"end":{"line":206,"column":null}},"44":{"start":{"line":213,"column":34},"end":{"line":223,"column":null}},"45":{"start":{"line":218,"column":19},"end":{"line":221,"column":null}},"46":{"start":{"line":222,"column":2},"end":{"line":222,"column":null}},"47":{"start":{"line":229,"column":36},"end":{"line":239,"column":null}},"48":{"start":{"line":234,"column":19},"end":{"line":237,"column":null}},"49":{"start":{"line":238,"column":2},"end":{"line":238,"column":null}},"50":{"start":{"line":245,"column":38},"end":{"line":253,"column":null}},"51":{"start":{"line":248,"column":19},"end":{"line":251,"column":null}},"52":{"start":{"line":252,"column":2},"end":{"line":252,"column":null}},"53":{"start":{"line":259,"column":38},"end":{"line":277,"column":null}},"54":{"start":{"line":265,"column":19},"end":{"line":272,"column":null}},"55":{"start":{"line":273,"column":2},"end":{"line":276,"column":null}},"56":{"start":{"line":284,"column":40},"end":{"line":290,"column":null}},"57":{"start":{"line":285,"column":19},"end":{"line":288,"column":null}},"58":{"start":{"line":289,"column":2},"end":{"line":289,"column":null}},"59":{"start":{"line":297,"column":39},"end":{"line":308,"column":null}},"60":{"start":{"line":303,"column":19},"end":{"line":306,"column":null}},"61":{"start":{"line":307,"column":2},"end":{"line":307,"column":null}},"62":{"start":{"line":315,"column":34},"end":{"line":344,"column":null}},"63":{"start":{"line":339,"column":19},"end":{"line":342,"column":null}},"64":{"start":{"line":343,"column":2},"end":{"line":343,"column":null}},"65":{"start":{"line":351,"column":38},"end":{"line":364,"column":null}},"66":{"start":{"line":357,"column":19},"end":{"line":362,"column":null}},"67":{"start":{"line":363,"column":2},"end":{"line":363,"column":null}},"68":{"start":{"line":370,"column":39},"end":{"line":392,"column":null}},"69":{"start":{"line":378,"column":22},"end":{"line":378,"column":null}},"70":{"start":{"line":379,"column":2},"end":{"line":379,"column":null}},"71":{"start":{"line":379,"column":16},"end":{"line":379,"column":null}},"72":{"start":{"line":380,"column":2},"end":{"line":380,"column":null}},"73":{"start":{"line":380,"column":16},"end":{"line":380,"column":null}},"74":{"start":{"line":382,"column":19},"end":{"line":389,"column":null}},"75":{"start":{"line":391,"column":2},"end":{"line":391,"column":null}}},"fnMap":{"0":{"name":"(anonymous_0)","decl":{"start":{"line":18,"column":24},"end":{"line":18,"column":25}},"loc":{"start":{"line":18,"column":52},"end":{"line":48,"column":null}},"line":18},"1":{"name":"(anonymous_1)","decl":{"start":{"line":50,"column":21},"end":{"line":50,"column":22}},"loc":{"start":{"line":50,"column":44},"end":{"line":53,"column":null}},"line":50},"2":{"name":"(anonymous_2)","decl":{"start":{"line":58,"column":29},"end":{"line":58,"column":null}},"loc":{"start":{"line":60,"column":24},"end":{"line":67,"column":null}},"line":60},"3":{"name":"(anonymous_3)","decl":{"start":{"line":72,"column":29},"end":{"line":72,"column":36}},"loc":{"start":{"line":72,"column":68},"end":{"line":78,"column":null}},"line":72},"4":{"name":"(anonymous_4)","decl":{"start":{"line":84,"column":28},"end":{"line":84,"column":null}},"loc":{"start":{"line":86,"column":22},"end":{"line":92,"column":null}},"line":86},"5":{"name":"(anonymous_5)","decl":{"start":{"line":97,"column":28},"end":{"line":97,"column":null}},"loc":{"start":{"line":100,"column":22},"end":{"line":106,"column":null}},"line":100},"6":{"name":"(anonymous_6)","decl":{"start":{"line":111,"column":28},"end":{"line":111,"column":35}},"loc":{"start":{"line":111,"column":65},"end":{"line":113,"column":null}},"line":111},"7":{"name":"(anonymous_7)","decl":{"start":{"line":119,"column":28},"end":{"line":119,"column":null}},"loc":{"start":{"line":122,"column":22},"end":{"line":128,"column":null}},"line":122},"8":{"name":"(anonymous_8)","decl":{"start":{"line":133,"column":29},"end":{"line":133,"column":36}},"loc":{"start":{"line":133,"column":68},"end":{"line":139,"column":null}},"line":133},"9":{"name":"(anonymous_9)","decl":{"start":{"line":145,"column":39},"end":{"line":145,"column":46}},"loc":{"start":{"line":145,"column":78},"end":{"line":151,"column":null}},"line":145},"10":{"name":"(anonymous_10)","decl":{"start":{"line":157,"column":37},"end":{"line":157,"column":44}},"loc":{"start":{"line":157,"column":76},"end":{"line":163,"column":null}},"line":157},"11":{"name":"(anonymous_11)","decl":{"start":{"line":170,"column":34},"end":{"line":170,"column":null}},"loc":{"start":{"line":172,"column":24},"end":{"line":179,"column":null}},"line":172},"12":{"name":"(anonymous_12)","decl":{"start":{"line":185,"column":36},"end":{"line":185,"column":67}},"loc":{"start":{"line":185,"column":67},"end":{"line":192,"column":null}},"line":185},"13":{"name":"(anonymous_13)","decl":{"start":{"line":198,"column":38},"end":{"line":198,"column":null}},"loc":{"start":{"line":200,"column":24},"end":{"line":207,"column":null}},"line":200},"14":{"name":"(anonymous_14)","decl":{"start":{"line":213,"column":34},"end":{"line":213,"column":null}},"loc":{"start":{"line":217,"column":22},"end":{"line":223,"column":null}},"line":217},"15":{"name":"(anonymous_15)","decl":{"start":{"line":229,"column":36},"end":{"line":229,"column":null}},"loc":{"start":{"line":233,"column":22},"end":{"line":239,"column":null}},"line":233},"16":{"name":"(anonymous_16)","decl":{"start":{"line":245,"column":38},"end":{"line":245,"column":null}},"loc":{"start":{"line":247,"column":41},"end":{"line":253,"column":null}},"line":247},"17":{"name":"(anonymous_17)","decl":{"start":{"line":259,"column":38},"end":{"line":259,"column":null}},"loc":{"start":{"line":264,"column":6},"end":{"line":277,"column":null}},"line":264},"18":{"name":"(anonymous_18)","decl":{"start":{"line":284,"column":40},"end":{"line":284,"column":66}},"loc":{"start":{"line":284,"column":66},"end":{"line":290,"column":null}},"line":284},"19":{"name":"(anonymous_19)","decl":{"start":{"line":297,"column":39},"end":{"line":297,"column":null}},"loc":{"start":{"line":302,"column":6},"end":{"line":308,"column":null}},"line":302},"20":{"name":"(anonymous_20)","decl":{"start":{"line":315,"column":34},"end":{"line":315,"column":null}},"loc":{"start":{"line":338,"column":6},"end":{"line":344,"column":null}},"line":338},"21":{"name":"(anonymous_21)","decl":{"start":{"line":351,"column":38},"end":{"line":351,"column":45}},"loc":{"start":{"line":356,"column":8},"end":{"line":364,"column":null}},"line":356},"22":{"name":"(anonymous_22)","decl":{"start":{"line":370,"column":39},"end":{"line":370,"column":null}},"loc":{"start":{"line":377,"column":6},"end":{"line":392,"column":null}},"line":377}},"branchMap":{"0":{"loc":{"start":{"line":20,"column":4},"end":{"line":22,"column":null}},"type":"cond-expr","locations":[{"start":{"line":21,"column":8},"end":{"line":21,"column":null}},{"start":{"line":22,"column":8},"end":{"line":22,"column":null}}],"line":20},"1":{"loc":{"start":{"line":20,"column":4},"end":{"line":20,"column":null}},"type":"binary-expr","locations":[{"start":{"line":20,"column":4},"end":{"line":20,"column":23}},{"start":{"line":20,"column":23},"end":{"line":20,"column":null}}],"line":20},"2":{"loc":{"start":{"line":24,"column":4},"end":{"line":26,"column":null}},"type":"cond-expr","locations":[{"start":{"line":25,"column":8},"end":{"line":25,"column":null}},{"start":{"line":26,"column":8},"end":{"line":26,"column":null}}],"line":24},"3":{"loc":{"start":{"line":24,"column":4},"end":{"line":24,"column":null}},"type":"binary-expr","locations":[{"start":{"line":24,"column":4},"end":{"line":24,"column":21}},{"start":{"line":24,"column":21},"end":{"line":24,"column":null}}],"line":24},"4":{"loc":{"start":{"line":28,"column":4},"end":{"line":30,"column":null}},"type":"cond-expr","locations":[{"start":{"line":29,"column":8},"end":{"line":29,"column":null}},{"start":{"line":30,"column":8},"end":{"line":30,"column":null}}],"line":28},"5":{"loc":{"start":{"line":28,"column":4},"end":{"line":28,"column":null}},"type":"binary-expr","locations":[{"start":{"line":28,"column":4},"end":{"line":28,"column":23}},{"start":{"line":28,"column":23},"end":{"line":28,"column":null}}],"line":28},"6":{"loc":{"start":{"line":35,"column":6},"end":{"line":37,"column":null}},"type":"cond-expr","locations":[{"start":{"line":36,"column":10},"end":{"line":36,"column":null}},{"start":{"line":37,"column":10},"end":{"line":37,"column":null}}],"line":35},"7":{"loc":{"start":{"line":39,"column":6},"end":{"line":39,"column":null}},"type":"cond-expr","locations":[{"start":{"line":39,"column":42},"end":{"line":39,"column":62}},{"start":{"line":39,"column":62},"end":{"line":39,"column":null}}],"line":39},"8":{"loc":{"start":{"line":41,"column":6},"end":{"line":43,"column":null}},"type":"cond-expr","locations":[{"start":{"line":42,"column":10},"end":{"line":42,"column":null}},{"start":{"line":43,"column":10},"end":{"line":43,"column":null}}],"line":41},"9":{"loc":{"start":{"line":51,"column":14},"end":{"line":51,"column":null}},"type":"binary-expr","locations":[{"start":{"line":51,"column":14},"end":{"line":51,"column":30}},{"start":{"line":51,"column":30},"end":{"line":51,"column":48}},{"start":{"line":51,"column":48},"end":{"line":51,"column":62}},{"start":{"line":51,"column":62},"end":{"line":51,"column":null}}],"line":51},"10":{"loc":{"start":{"line":65,"column":15},"end":{"line":65,"column":null}},"type":"binary-expr","locations":[{"start":{"line":65,"column":15},"end":{"line":65,"column":45}},{"start":{"line":65,"column":45},"end":{"line":65,"column":77}},{"start":{"line":65,"column":77},"end":{"line":65,"column":null}}],"line":65},"11":{"loc":{"start":{"line":177,"column":42},"end":{"line":177,"column":67}},"type":"cond-expr","locations":[{"start":{"line":177,"column":51},"end":{"line":177,"column":64}},{"start":{"line":177,"column":64},"end":{"line":177,"column":67}}],"line":177},"12":{"loc":{"start":{"line":205,"column":49},"end":{"line":205,"column":74}},"type":"cond-expr","locations":[{"start":{"line":205,"column":58},"end":{"line":205,"column":71}},{"start":{"line":205,"column":71},"end":{"line":205,"column":74}}],"line":205},"13":{"loc":{"start":{"line":351,"column":45},"end":{"line":351,"column":null}},"type":"default-arg","locations":[{"start":{"line":351,"column":61},"end":{"line":351,"column":null}}],"line":351},"14":{"loc":{"start":{"line":379,"column":2},"end":{"line":379,"column":null}},"type":"if","locations":[{"start":{"line":379,"column":2},"end":{"line":379,"column":null}},{"start":{},"end":{}}],"line":379},"15":{"loc":{"start":{"line":380,"column":2},"end":{"line":380,"column":null}},"type":"if","locations":[{"start":{"line":380,"column":2},"end":{"line":380,"column":null}},{"start":{},"end":{}}],"line":380}},"s":{"0":1,"1":15,"2":15,"3":15,"4":15,"5":1,"6":9,"7":9,"8":1,"9":1,"10":1,"11":1,"12":1,"13":1,"14":1,"15":1,"16":1,"17":1,"18":1,"19":1,"20":1,"21":1,"22":1,"23":1,"24":1,"25":1,"26":1,"27":1,"28":1,"29":1,"30":1,"31":1,"32":1,"33":1,"34":1,"35":1,"36":2,"37":2,"38":1,"39":1,"40":1,"41":1,"42":2,"43":2,"44":1,"45":1,"46":1,"47":1,"48":1,"49":1,"50":1,"51":1,"52":1,"53":1,"54":1,"55":1,"56":1,"57":1,"58":1,"59":1,"60":0,"61":0,"62":1,"63":1,"64":1,"65":1,"66":1,"67":1,"68":1,"69":2,"70":2,"71":1,"72":2,"73":1,"74":2,"75":2},"f":{"0":15,"1":9,"2":1,"3":1,"4":1,"5":1,"6":1,"7":1,"8":1,"9":1,"10":1,"11":2,"12":1,"13":2,"14":1,"15":1,"16":1,"17":1,"18":1,"19":0,"20":1,"21":1,"22":2},"b":{"0":[0,15],"1":[15,15],"2":[0,15],"3":[15,15],"4":[0,15],"5":[15,1],"6":[0,15],"7":[0,15],"8":[14,1],"9":[9,0,0,0],"10":[1,0,0],"11":[1,1],"12":[1,1],"13":[1],"14":[1,1],"15":[1,1]},"meta":{"lastBranch":16,"lastFunction":23,"lastStatement":76,"seen":{"s:18:24:48:Infinity":0,"f:18:24:18:25":0,"s:20:4:22:Infinity":1,"b:21:8:21:Infinity:22:8:22:Infinity":0,"b:20:4:20:23:20:23:20:Infinity":1,"s:24:4:26:Infinity":2,"b:25:8:25:Infinity:26:8:26:Infinity":2,"b:24:4:24:21:24:21:24:Infinity":3,"s:28:4:30:Infinity":3,"b:29:8:29:Infinity:30:8:30:Infinity":4,"b:28:4:28:23:28:23:28:Infinity":5,"s:32:2:47:Infinity":4,"b:36:10:36:Infinity:37:10:37:Infinity":6,"b:39:42:39:62:39:62:39:Infinity":7,"b:42:10:42:Infinity:43:10:43:Infinity":8,"s:50:21:53:Infinity":5,"f:50:21:50:22":1,"s:51:14:51:Infinity":6,"b:51:14:51:30:51:30:51:48:51:48:51:62:51:62:51:Infinity":9,"s:52:2:52:Infinity":7,"s:58:29:67:Infinity":8,"f:58:29:58:Infinity":2,"s:61:19:64:Infinity":9,"s:65:15:65:Infinity":10,"b:65:15:65:45:65:45:65:77:65:77:65:Infinity":10,"s:66:2:66:Infinity":11,"s:72:29:78:Infinity":12,"f:72:29:72:36":3,"s:73:19:76:Infinity":13,"s:77:2:77:Infinity":14,"s:84:28:92:Infinity":15,"f:84:28:84:Infinity":4,"s:87:19:90:Infinity":16,"s:91:2:91:Infinity":17,"s:97:28:106:Infinity":18,"f:97:28:97:Infinity":5,"s:101:19:104:Infinity":19,"s:105:2:105:Infinity":20,"s:111:28:113:Infinity":21,"f:111:28:111:35":6,"s:112:2:112:Infinity":22,"s:119:28:128:Infinity":23,"f:119:28:119:Infinity":7,"s:123:19:126:Infinity":24,"s:127:2:127:Infinity":25,"s:133:29:139:Infinity":26,"f:133:29:133:36":8,"s:134:19:137:Infinity":27,"s:138:2:138:Infinity":28,"s:145:39:151:Infinity":29,"f:145:39:145:46":9,"s:146:19:149:Infinity":30,"s:150:2:150:Infinity":31,"s:157:37:163:Infinity":32,"f:157:37:157:44":10,"s:158:19:161:Infinity":33,"s:162:2:162:Infinity":34,"s:170:34:179:Infinity":35,"f:170:34:170:Infinity":11,"s:173:19:177:Infinity":36,"b:177:51:177:64:177:64:177:67":11,"s:178:2:178:Infinity":37,"s:185:36:192:Infinity":38,"f:185:36:185:67":12,"s:186:19:190:Infinity":39,"s:191:2:191:Infinity":40,"s:198:38:207:Infinity":41,"f:198:38:198:Infinity":13,"s:201:19:205:Infinity":42,"b:205:58:205:71:205:71:205:74":12,"s:206:2:206:Infinity":43,"s:213:34:223:Infinity":44,"f:213:34:213:Infinity":14,"s:218:19:221:Infinity":45,"s:222:2:222:Infinity":46,"s:229:36:239:Infinity":47,"f:229:36:229:Infinity":15,"s:234:19:237:Infinity":48,"s:238:2:238:Infinity":49,"s:245:38:253:Infinity":50,"f:245:38:245:Infinity":16,"s:248:19:251:Infinity":51,"s:252:2:252:Infinity":52,"s:259:38:277:Infinity":53,"f:259:38:259:Infinity":17,"s:265:19:272:Infinity":54,"s:273:2:276:Infinity":55,"s:284:40:290:Infinity":56,"f:284:40:284:66":18,"s:285:19:288:Infinity":57,"s:289:2:289:Infinity":58,"s:297:39:308:Infinity":59,"f:297:39:297:Infinity":19,"s:303:19:306:Infinity":60,"s:307:2:307:Infinity":61,"s:315:34:344:Infinity":62,"f:315:34:315:Infinity":20,"s:339:19:342:Infinity":63,"s:343:2:343:Infinity":64,"s:351:38:364:Infinity":65,"f:351:38:351:45":21,"b:351:61:351:Infinity":13,"s:357:19:362:Infinity":66,"s:363:2:363:Infinity":67,"s:370:39:392:Infinity":68,"f:370:39:370:Infinity":22,"s:378:22:378:Infinity":69,"b:379:2:379:Infinity:undefined:undefined:undefined:undefined":14,"s:379:2:379:Infinity":70,"s:379:16:379:Infinity":71,"b:380:2:380:Infinity:undefined:undefined:undefined:undefined":15,"s:380:2:380:Infinity":72,"s:380:16:380:Infinity":73,"s:382:19:389:Infinity":74,"s:391:2:391:Infinity":75}}}
,"/home/stephen/finalyearpro/wmms/wmms-frontend/src/lib/api-unwrappers.ts": {"path":"/home/stephen/finalyearpro/wmms/wmms-frontend/src/lib/api-unwrappers.ts","statementMap":{"0":{"start":{"line":19,"column":2},"end":{"line":19,"column":null}},"1":{"start":{"line":19,"column":16},"end":{"line":19,"column":null}},"2":{"start":{"line":20,"column":2},"end":{"line":20,"column":null}},"3":{"start":{"line":20,"column":30},"end":{"line":20,"column":null}},"4":{"start":{"line":21,"column":2},"end":{"line":21,"column":null}},"5":{"start":{"line":21,"column":47},"end":{"line":21,"column":null}},"6":{"start":{"line":22,"column":2},"end":{"line":22,"column":null}},"7":{"start":{"line":22,"column":42},"end":{"line":22,"column":null}},"8":{"start":{"line":23,"column":2},"end":{"line":23,"column":null}},"9":{"start":{"line":23,"column":41},"end":{"line":23,"column":null}},"10":{"start":{"line":24,"column":2},"end":{"line":24,"column":null}},"11":{"start":{"line":28,"column":2},"end":{"line":28,"column":null}},"12":{"start":{"line":28,"column":16},"end":{"line":28,"column":null}},"13":{"start":{"line":30,"column":4},"end":{"line":30,"column":null}},"14":{"start":{"line":31,"column":2},"end":{"line":31,"column":null}},"15":{"start":{"line":31,"column":14},"end":{"line":31,"column":null}},"16":{"start":{"line":32,"column":2},"end":{"line":32,"column":null}},"17":{"start":{"line":32,"column":25},"end":{"line":32,"column":null}},"18":{"start":{"line":33,"column":2},"end":{"line":33,"column":null}},"19":{"start":{"line":37,"column":2},"end":{"line":37,"column":null}},"20":{"start":{"line":37,"column":14},"end":{"line":37,"column":null}},"21":{"start":{"line":38,"column":2},"end":{"line":38,"column":null}},"22":{"start":{"line":38,"column":33},"end":{"line":38,"column":null}},"23":{"start":{"line":39,"column":2},"end":{"line":40,"column":null}},"24":{"start":{"line":40,"column":4},"end":{"line":40,"column":null}},"25":{"start":{"line":41,"column":2},"end":{"line":41,"column":null}}},"fnMap":{"0":{"name":"unwrapList","decl":{"start":{"line":18,"column":16},"end":{"line":18,"column":30}},"loc":{"start":{"line":18,"column":49},"end":{"line":25,"column":null}},"line":18},"1":{"name":"unwrapSingle","decl":{"start":{"line":27,"column":16},"end":{"line":27,"column":32}},"loc":{"start":{"line":27,"column":49},"end":{"line":34,"column":null}},"line":27},"2":{"name":"safeId","decl":{"start":{"line":36,"column":16},"end":{"line":36,"column":23}},"loc":{"start":{"line":36,"column":43},"end":{"line":42,"column":null}},"line":36}},"branchMap":{"0":{"loc":{"start":{"line":19,"column":2},"end":{"line":19,"column":null}},"type":"if","locations":[{"start":{"line":19,"column":2},"end":{"line":19,"column":null}},{"start":{},"end":{}}],"line":19},"1":{"loc":{"start":{"line":20,"column":2},"end":{"line":20,"column":null}},"type":"if","locations":[{"start":{"line":20,"column":2},"end":{"line":20,"column":null}},{"start":{},"end":{}}],"line":20},"2":{"loc":{"start":{"line":21,"column":2},"end":{"line":21,"column":null}},"type":"if","locations":[{"start":{"line":21,"column":2},"end":{"line":21,"column":null}},{"start":{},"end":{}}],"line":21},"3":{"loc":{"start":{"line":22,"column":2},"end":{"line":22,"column":null}},"type":"if","locations":[{"start":{"line":22,"column":2},"end":{"line":22,"column":null}},{"start":{},"end":{}}],"line":22},"4":{"loc":{"start":{"line":23,"column":2},"end":{"line":23,"column":null}},"type":"if","locations":[{"start":{"line":23,"column":2},"end":{"line":23,"column":null}},{"start":{},"end":{}}],"line":23},"5":{"loc":{"start":{"line":28,"column":2},"end":{"line":28,"column":null}},"type":"if","locations":[{"start":{"line":28,"column":2},"end":{"line":28,"column":null}},{"start":{},"end":{}}],"line":28},"6":{"loc":{"start":{"line":30,"column":4},"end":{"line":30,"column":null}},"type":"binary-expr","locations":[{"start":{"line":30,"column":4},"end":{"line":30,"column":31}},{"start":{"line":30,"column":31},"end":{"line":30,"column":54}},{"start":{"line":30,"column":54},"end":{"line":30,"column":null}}],"line":30},"7":{"loc":{"start":{"line":31,"column":2},"end":{"line":31,"column":null}},"type":"if","locations":[{"start":{"line":31,"column":2},"end":{"line":31,"column":null}},{"start":{},"end":{}}],"line":31},"8":{"loc":{"start":{"line":32,"column":2},"end":{"line":32,"column":null}},"type":"if","locations":[{"start":{"line":32,"column":2},"end":{"line":32,"column":null}},{"start":{},"end":{}}],"line":32},"9":{"loc":{"start":{"line":37,"column":2},"end":{"line":37,"column":null}},"type":"if","locations":[{"start":{"line":37,"column":2},"end":{"line":37,"column":null}},{"start":{},"end":{}}],"line":37},"10":{"loc":{"start":{"line":38,"column":2},"end":{"line":38,"column":null}},"type":"if","locations":[{"start":{"line":38,"column":2},"end":{"line":38,"column":null}},{"start":{},"end":{}}],"line":38},"11":{"loc":{"start":{"line":39,"column":2},"end":{"line":40,"column":null}},"type":"if","locations":[{"start":{"line":39,"column":2},"end":{"line":40,"column":null}},{"start":{},"end":{}}],"line":39},"12":{"loc":{"start":{"line":39,"column":6},"end":{"line":39,"column":null}},"type":"binary-expr","locations":[{"start":{"line":39,"column":6},"end":{"line":39,"column":35}},{"start":{"line":39,"column":35},"end":{"line":39,"column":null}}],"line":39}},"s":{"0":7,"1":2,"2":5,"3":1,"4":4,"5":1,"6":3,"7":1,"8":2,"9":1,"10":1,"11":4,"12":1,"13":3,"14":4,"15":2,"16":1,"17":0,"18":1,"19":6,"20":3,"21":3,"22":1,"23":2,"24":1,"25":1},"f":{"0":7,"1":4,"2":6},"b":{"0":[2,5],"1":[1,4],"2":[1,3],"3":[1,2],"4":[1,1],"5":[1,3],"6":[3,2,2],"7":[2,2],"8":[0,1],"9":[3,3],"10":[1,2],"11":[1,1],"12":[2,2]},"meta":{"lastBranch":13,"lastFunction":3,"lastStatement":26,"seen":{"f:18:16:18:30":0,"b:19:2:19:Infinity:undefined:undefined:undefined:undefined":0,"s:19:2:19:Infinity":0,"s:19:16:19:Infinity":1,"b:20:2:20:Infinity:undefined:undefined:undefined:undefined":1,"s:20:2:20:Infinity":2,"s:20:30:20:Infinity":3,"b:21:2:21:Infinity:undefined:undefined:undefined:undefined":2,"s:21:2:21:Infinity":4,"s:21:47:21:Infinity":5,"b:22:2:22:Infinity:undefined:undefined:undefined:undefined":3,"s:22:2:22:Infinity":6,"s:22:42:22:Infinity":7,"b:23:2:23:Infinity:undefined:undefined:undefined:undefined":4,"s:23:2:23:Infinity":8,"s:23:41:23:Infinity":9,"s:24:2:24:Infinity":10,"f:27:16:27:32":1,"b:28:2:28:Infinity:undefined:undefined:undefined:undefined":5,"s:28:2:28:Infinity":11,"s:28:16:28:Infinity":12,"s:30:4:30:Infinity":13,"b:30:4:30:31:30:31:30:54:30:54:30:Infinity":6,"b:31:2:31:Infinity:undefined:undefined:undefined:undefined":7,"s:31:2:31:Infinity":14,"s:31:14:31:Infinity":15,"b:32:2:32:Infinity:undefined:undefined:undefined:undefined":8,"s:32:2:32:Infinity":16,"s:32:25:32:Infinity":17,"s:33:2:33:Infinity":18,"f:36:16:36:23":2,"b:37:2:37:Infinity:undefined:undefined:undefined:undefined":9,"s:37:2:37:Infinity":19,"s:37:14:37:Infinity":20,"b:38:2:38:Infinity:undefined:undefined:undefined:undefined":10,"s:38:2:38:Infinity":21,"s:38:33:38:Infinity":22,"b:39:2:40:Infinity:undefined:undefined:undefined:undefined":11,"s:39:2:40:Infinity":23,"b:39:6:39:35:39:35:39:Infinity":12,"s:40:4:40:Infinity":24,"s:41:2:41:Infinity":25}}}
,"/home/stephen/finalyearpro/wmms/wmms-frontend/src/lib/utils.ts": {"path":"/home/stephen/finalyearpro/wmms/wmms-frontend/src/lib/utils.ts","statementMap":{"0":{"start":{"line":5,"column":2},"end":{"line":5,"column":null}}},"fnMap":{"0":{"name":"cn","decl":{"start":{"line":4,"column":16},"end":{"line":4,"column":22}},"loc":{"start":{"line":4,"column":44},"end":{"line":6,"column":null}},"line":4}},"branchMap":{},"s":{"0":140},"f":{"0":140},"b":{},"meta":{"lastBranch":0,"lastFunction":1,"lastStatement":1,"seen":{"f:4:16:4:22":0,"s:5:2:5:Infinity":0}}}
}
